4/30/2019 20:09:09-Error .Unexpected character encountered while parsing value: <. Path '', line 0, position 0.-M000100010000100001000005916
4/30/2019 20:09:10-Error .Unexpected character encountered while parsing value: <. Path '', line 0, position 0.-M000100010000100001000010908
4/30/2019 20:10:04-Error .Unexpected character encountered while parsing value: <. Path '', line 0, position 0.-M000100010000100001000015474
4/30/2019 20:10:14-Error .Unexpected character encountered while parsing value: <. Path '', line 0, position 0.-M000100010000100001000010896
4/30/2019 20:14:25-Error .Unexpected character encountered while parsing value: <. Path '', line 0, position 0.-M000100010000100001000010908
4/30/2019 20:15:16-Error .Unexpected character encountered while parsing value: <. Path '', line 0, position 0.-M000100010000100001000015474
4/30/2019 20:15:27-Error .Unexpected character encountered while parsing value: <. Path '', line 0, position 0.-M000100010000100001000010896
4/30/2019 20:17:28-Error .Unexpected character encountered while parsing value: <. Path '', line 0, position 0.-M000100010000100001000019040
4/30/2019 20:42:56-
4/30/2019 20:42:57-Error .Index was out of range. Must be non-negative and less than the size of the collection.
Parameter name: index-M000100010000100001000000001
4/30/2019 20:46:10-Error .Unexpected character encountered while parsing value: <. Path '', line 0, position 0.-M000100010000100001000000044
4/30/2019 20:46:10-Start -> Request: 4/30/2019 20:46:10 - remaining 209
4/30/2019 20:46:14-Error .Unexpected character encountered while parsing value: <. Path '', line 0, position 0.-M000100010000100001000000044
4/30/2019 20:46:15-Start -> Request: 4/30/2019 20:46:15 - remaining 209
4/30/2019 20:46:19-Error .Unexpected character encountered while parsing value: <. Path '', line 0, position 0.-M000100010000100001000000044
4/30/2019 20:46:19-Start -> Request: 4/30/2019 20:46:19 - remaining 209
4/30/2019 20:46:22-Error .Unexpected character encountered while parsing value: <. Path '', line 0, position 0.-M000100010000100001000000044
4/30/2019 20:46:22-Start -> Request: 4/30/2019 20:46:22 - remaining 209
4/30/2019 20:46:27-Error .Unexpected character encountered while parsing value: <. Path '', line 0, position 0.-M000100010000100001000000044
4/30/2019 20:46:27-Start -> Request: 4/30/2019 20:46:27 - remaining 209
4/30/2019 20:46:32-Error .Unexpected character encountered while parsing value: <. Path '', line 0, position 0.-M000100010000100001000000044
4/30/2019 20:46:32-Start -> Request: 4/30/2019 20:46:32 - remaining 209
4/30/2019 20:46:35-Error .Unexpected character encountered while parsing value: <. Path '', line 0, position 0.-M000100010000100001000000044
4/30/2019 20:46:35-Start -> Request: 4/30/2019 20:46:35 - remaining 209
4/30/2019 20:46:37-Error .Unexpected character encountered while parsing value: <. Path '', line 0, position 0.-M000100010000100001000000044
4/30/2019 20:46:37-Start -> Request: 4/30/2019 20:46:37 - remaining 209
4/30/2019 20:46:42-Error .Unexpected character encountered while parsing value: <. Path '', line 0, position 0.-M000100010000100001000000044
4/30/2019 20:46:44-Start -> Request: 4/30/2019 20:46:44 - remaining 209
4/30/2019 20:46:47-Error .Unexpected character encountered while parsing value: <. Path '', line 0, position 0.-M000100010000100001000000044
4/30/2019 20:46:47-Start -> Request: 4/30/2019 20:46:47 - remaining 209
4/30/2019 20:46:50-Error .Unexpected character encountered while parsing value: <. Path '', line 0, position 0.-M000100010000100001000000044
4/30/2019 20:46:50-Start -> Request: 4/30/2019 20:46:50 - remaining 209
4/30/2019 20:46:52-Error .Unexpected character encountered while parsing value: <. Path '', line 0, position 0.-M000100010000100001000000044
4/30/2019 20:46:52-Start -> Request: 4/30/2019 20:46:52 - remaining 209
4/30/2019 20:46:55-Error .Unexpected character encountered while parsing value: <. Path '', line 0, position 0.-M000100010000100001000000044
4/30/2019 20:46:55-Start -> Request: 4/30/2019 20:46:55 - remaining 209
4/30/2019 20:46:59-Error .Unexpected character encountered while parsing value: <. Path '', line 0, position 0.-M000100010000100001000000044
4/30/2019 20:46:59-Start -> Request: 4/30/2019 20:46:59 - remaining 209
4/30/2019 20:47:02-Error .Unexpected character encountered while parsing value: <. Path '', line 0, position 0.-M000100010000100001000000044
4/30/2019 20:47:02-Start -> Request: 4/30/2019 20:47:02 - remaining 209
4/30/2019 20:47:05-Error .Unexpected character encountered while parsing value: <. Path '', line 0, position 0.-M000100010000100001000000044
4/30/2019 20:47:05-Start -> Request: 4/30/2019 20:47:05 - remaining 209
4/30/2019 20:47:08-Error .Unexpected character encountered while parsing value: <. Path '', line 0, position 0.-M000100010000100001000000044
4/30/2019 20:47:08-Start -> Request: 4/30/2019 20:47:08 - remaining 209
4/30/2019 20:47:11-Error .Unexpected character encountered while parsing value: <. Path '', line 0, position 0.-M000100010000100001000000044
4/30/2019 20:47:11-Start -> Request: 4/30/2019 20:47:11 - remaining 209
4/30/2019 20:47:14-Error .Unexpected character encountered while parsing value: <. Path '', line 0, position 0.-M000100010000100001000000044
4/30/2019 20:47:14-Start -> Request: 4/30/2019 20:47:14 - remaining 209
4/30/2019 20:47:16-Error .Unexpected character encountered while parsing value: <. Path '', line 0, position 0.-M000100010000100001000000044
4/30/2019 20:47:16-Start -> Request: 4/30/2019 20:47:16 - remaining 209
4/30/2019 20:47:19-Error .Unexpected character encountered while parsing value: <. Path '', line 0, position 0.-M000100010000100001000000044
4/30/2019 20:47:19-Start -> Request: 4/30/2019 20:47:19 - remaining 209
4/30/2019 20:47:22-Error .Unexpected character encountered while parsing value: <. Path '', line 0, position 0.-M000100010000100001000000044
4/30/2019 20:47:22-Start -> Request: 4/30/2019 20:47:22 - remaining 209
4/30/2019 20:47:25-Error .Unexpected character encountered while parsing value: <. Path '', line 0, position 0.-M000100010000100001000000044
4/30/2019 20:47:25-Start -> Request: 4/30/2019 20:47:25 - remaining 209
4/30/2019 20:47:27-Error .Unexpected character encountered while parsing value: <. Path '', line 0, position 0.-M000100010000100001000000044
4/30/2019 20:47:27-Start -> Request: 4/30/2019 20:47:27 - remaining 209
4/30/2019 20:47:30-Error .Unexpected character encountered while parsing value: <. Path '', line 0, position 0.-M000100010000100001000000044
4/30/2019 20:47:30-Start -> Request: 4/30/2019 20:47:30 - remaining 209
4/30/2019 20:47:32-Error .Unexpected character encountered while parsing value: <. Path '', line 0, position 0.-M000100010000100001000000044
4/30/2019 20:47:32-Start -> Request: 4/30/2019 20:47:32 - remaining 209
4/30/2019 20:47:35-Error .Unexpected character encountered while parsing value: <. Path '', line 0, position 0.-M000100010000100001000000044
4/30/2019 20:47:35-Start -> Request: 4/30/2019 20:47:35 - remaining 209
4/30/2019 20:47:38-Error .Unexpected character encountered while parsing value: <. Path '', line 0, position 0.-M000100010000100001000000044
4/30/2019 20:47:38-Start -> Request: 4/30/2019 20:47:38 - remaining 209
4/30/2019 20:47:41-Error .Unexpected character encountered while parsing value: <. Path '', line 0, position 0.-M000100010000100001000000044
4/30/2019 20:47:41-Start -> Request: 4/30/2019 20:47:41 - remaining 209
4/30/2019 20:47:43-Error .Unexpected character encountered while parsing value: <. Path '', line 0, position 0.-M000100010000100001000000044
4/30/2019 20:47:43-Start -> Request: 4/30/2019 20:47:43 - remaining 209
4/30/2019 20:47:46-Error .Unexpected character encountered while parsing value: <. Path '', line 0, position 0.-M000100010000100001000000044
4/30/2019 20:47:46-Start -> Request: 4/30/2019 20:47:46 - remaining 209
4/30/2019 20:47:49-Error .Unexpected character encountered while parsing value: <. Path '', line 0, position 0.-M000100010000100001000000044
4/30/2019 20:47:49-Start -> Request: 4/30/2019 20:47:49 - remaining 209
4/30/2019 20:47:52-Error .Unexpected character encountered while parsing value: <. Path '', line 0, position 0.-M000100010000100001000000044
4/30/2019 20:47:52-Start -> Request: 4/30/2019 20:47:52 - remaining 209
4/30/2019 20:47:54-Error .Unexpected character encountered while parsing value: <. Path '', line 0, position 0.-M000100010000100001000000044
4/30/2019 20:47:54-Start -> Request: 4/30/2019 20:47:54 - remaining 209
4/30/2019 20:47:57-Error .Unexpected character encountered while parsing value: <. Path '', line 0, position 0.-M000100010000100001000000044
4/30/2019 20:47:57-Start -> Request: 4/30/2019 20:47:57 - remaining 209
4/30/2019 20:48:00-Error .Unexpected character encountered while parsing value: <. Path '', line 0, position 0.-M000100010000100001000000044
4/30/2019 20:48:00-Start -> Request: 4/30/2019 20:48:00 - remaining 209
4/30/2019 20:48:03-Error .Unexpected character encountered while parsing value: <. Path '', line 0, position 0.-M000100010000100001000000044
4/30/2019 20:48:03-Start -> Request: 4/30/2019 20:48:03 - remaining 209
4/30/2019 20:48:07-Error .Unexpected character encountered while parsing value: <. Path '', line 0, position 0.-M000100010000100001000000044
4/30/2019 20:48:07-Start -> Request: 4/30/2019 20:48:07 - remaining 209
4/30/2019 20:48:10-Error .Unexpected character encountered while parsing value: <. Path '', line 0, position 0.-M000100010000100001000000044
4/30/2019 20:48:10-Start -> Request: 4/30/2019 20:48:10 - remaining 209
4/30/2019 20:48:29-Error .Unexpected character encountered while parsing value: <. Path '', line 0, position 0.-M000100010000100001000000044
4/30/2019 20:48:29-Start -> Request: 4/30/2019 20:48:29 - remaining 209
4/30/2019 20:48:37-Error .Unexpected character encountered while parsing value: <. Path '', line 0, position 0.-M000100010000100001000000044
4/30/2019 20:48:37-Start -> Request: 4/30/2019 20:48:37 - remaining 209
4/30/2019 20:48:39-Error .Unexpected character encountered while parsing value: <. Path '', line 0, position 0.-M000100010000100001000000044
4/30/2019 20:48:39-Start -> Request: 4/30/2019 20:48:39 - remaining 209
4/30/2019 20:48:42-Error .Unexpected character encountered while parsing value: <. Path '', line 0, position 0.-M000100010000100001000000044
4/30/2019 20:48:42-Start -> Request: 4/30/2019 20:48:42 - remaining 209
4/30/2019 20:48:46-Error .Unexpected character encountered while parsing value: <. Path '', line 0, position 0.-M000100010000100001000000044
4/30/2019 20:48:46-Start -> Request: 4/30/2019 20:48:46 - remaining 209
4/30/2019 20:48:49-Error .Unexpected character encountered while parsing value: <. Path '', line 0, position 0.-M000100010000100001000000044
4/30/2019 20:48:49-Start -> Request: 4/30/2019 20:48:49 - remaining 209
4/30/2019 20:48:52-Error .Unexpected character encountered while parsing value: <. Path '', line 0, position 0.-M000100010000100001000000044
4/30/2019 20:48:52-Start -> Request: 4/30/2019 20:48:52 - remaining 209
4/30/2019 20:48:54-Error .Unexpected character encountered while parsing value: <. Path '', line 0, position 0.-M000100010000100001000000044
4/30/2019 20:48:54-Start -> Request: 4/30/2019 20:48:54 - remaining 209
4/30/2019 20:48:57-Error .Unexpected character encountered while parsing value: <. Path '', line 0, position 0.-M000100010000100001000000044
4/30/2019 20:48:57-Start -> Request: 4/30/2019 20:48:57 - remaining 209
4/30/2019 20:49:00-Error .Unexpected character encountered while parsing value: <. Path '', line 0, position 0.-M000100010000100001000000044
4/30/2019 20:49:00-Start -> Request: 4/30/2019 20:49:00 - remaining 209
4/30/2019 20:49:03-Error .Unexpected character encountered while parsing value: <. Path '', line 0, position 0.-M000100010000100001000000044
4/30/2019 20:49:03-Start -> Request: 4/30/2019 20:49:03 - remaining 209
4/30/2019 20:49:06-Error .Unexpected character encountered while parsing value: <. Path '', line 0, position 0.-M000100010000100001000000044
4/30/2019 20:49:06-Start -> Request: 4/30/2019 20:49:06 - remaining 209
4/30/2019 20:49:10-Error .Unexpected character encountered while parsing value: <. Path '', line 0, position 0.-M000100010000100001000000044
4/30/2019 20:49:10-Start -> Request: 4/30/2019 20:49:10 - remaining 209
4/30/2019 20:49:13-Error .Unexpected character encountered while parsing value: <. Path '', line 0, position 0.-M000100010000100001000000044
4/30/2019 20:49:13-Start -> Request: 4/30/2019 20:49:13 - remaining 209
4/30/2019 20:49:15-Error .Unexpected character encountered while parsing value: <. Path '', line 0, position 0.-M000100010000100001000000044
4/30/2019 20:49:15-Start -> Request: 4/30/2019 20:49:15 - remaining 209
4/30/2019 20:49:18-Error .Unexpected character encountered while parsing value: <. Path '', line 0, position 0.-M000100010000100001000000044
4/30/2019 20:49:18-Start -> Request: 4/30/2019 20:49:18 - remaining 209
4/30/2019 20:49:20-Error .Unexpected character encountered while parsing value: <. Path '', line 0, position 0.-M000100010000100001000000044
4/30/2019 20:49:20-Start -> Request: 4/30/2019 20:49:20 - remaining 209
4/30/2019 20:49:23-Error .Unexpected character encountered while parsing value: <. Path '', line 0, position 0.-M000100010000100001000000044
4/30/2019 20:49:23-Start -> Request: 4/30/2019 20:49:23 - remaining 209
4/30/2019 20:49:26-Error .Unexpected character encountered while parsing value: <. Path '', line 0, position 0.-M000100010000100001000000044
4/30/2019 20:49:26-Start -> Request: 4/30/2019 20:49:26 - remaining 209
4/30/2019 20:49:29-Error .Unexpected character encountered while parsing value: <. Path '', line 0, position 0.-M000100010000100001000000044
4/30/2019 20:49:29-Start -> Request: 4/30/2019 20:49:29 - remaining 209
4/30/2019 20:49:31-Error .Unexpected character encountered while parsing value: <. Path '', line 0, position 0.-M000100010000100001000000044
4/30/2019 20:49:31-Start -> Request: 4/30/2019 20:49:31 - remaining 209
4/30/2019 20:49:34-Error .Unexpected character encountered while parsing value: <. Path '', line 0, position 0.-M000100010000100001000000044
4/30/2019 20:49:34-Start -> Request: 4/30/2019 20:49:34 - remaining 209
4/30/2019 20:49:36-Error .Unexpected character encountered while parsing value: <. Path '', line 0, position 0.-M000100010000100001000000044
4/30/2019 20:49:36-Start -> Request: 4/30/2019 20:49:36 - remaining 209
4/30/2019 20:49:39-Error .Unexpected character encountered while parsing value: <. Path '', line 0, position 0.-M000100010000100001000000044
4/30/2019 20:49:39-Start -> Request: 4/30/2019 20:49:39 - remaining 209
4/30/2019 20:49:42-Error .Unexpected character encountered while parsing value: <. Path '', line 0, position 0.-M000100010000100001000000044
4/30/2019 20:49:42-Start -> Request: 4/30/2019 20:49:42 - remaining 209
4/30/2019 20:49:45-Error .Unexpected character encountered while parsing value: <. Path '', line 0, position 0.-M000100010000100001000000044
4/30/2019 20:49:45-Start -> Request: 4/30/2019 20:49:45 - remaining 209
4/30/2019 20:49:48-Error .Unexpected character encountered while parsing value: <. Path '', line 0, position 0.-M000100010000100001000000044
4/30/2019 20:49:48-Start -> Request: 4/30/2019 20:49:48 - remaining 209
4/30/2019 20:49:50-Error .Unexpected character encountered while parsing value: <. Path '', line 0, position 0.-M000100010000100001000000044
4/30/2019 20:49:50-Start -> Request: 4/30/2019 20:49:50 - remaining 209
4/30/2019 20:49:53-Error .Unexpected character encountered while parsing value: <. Path '', line 0, position 0.-M000100010000100001000000044
4/30/2019 20:49:53-Start -> Request: 4/30/2019 20:49:53 - remaining 209
4/30/2019 20:49:55-Error .Unexpected character encountered while parsing value: <. Path '', line 0, position 0.-M000100010000100001000000044
4/30/2019 20:49:55-Start -> Request: 4/30/2019 20:49:55 - remaining 209
4/30/2019 20:49:58-Error .Unexpected character encountered while parsing value: <. Path '', line 0, position 0.-M000100010000100001000000044
4/30/2019 20:49:58-Start -> Request: 4/30/2019 20:49:58 - remaining 209
4/30/2019 20:50:01-Error .Unexpected character encountered while parsing value: <. Path '', line 0, position 0.-M000100010000100001000000044
4/30/2019 20:50:01-Start -> Request: 4/30/2019 20:50:01 - remaining 209
4/30/2019 20:50:03-Error .Unexpected character encountered while parsing value: <. Path '', line 0, position 0.-M000100010000100001000000044
4/30/2019 20:50:03-Start -> Request: 4/30/2019 20:50:03 - remaining 209
4/30/2019 20:50:06-Error .Unexpected character encountered while parsing value: <. Path '', line 0, position 0.-M000100010000100001000000044
4/30/2019 20:50:06-Start -> Request: 4/30/2019 20:50:06 - remaining 209
4/30/2019 20:50:08-Error .Unexpected character encountered while parsing value: <. Path '', line 0, position 0.-M000100010000100001000000044
4/30/2019 20:50:08-Start -> Request: 4/30/2019 20:50:08 - remaining 209
4/30/2019 20:50:11-Error .Unexpected character encountered while parsing value: <. Path '', line 0, position 0.-M000100010000100001000000044
4/30/2019 20:50:11-Start -> Request: 4/30/2019 20:50:11 - remaining 209
4/30/2019 20:50:14-Error .Unexpected character encountered while parsing value: <. Path '', line 0, position 0.-M000100010000100001000000044
4/30/2019 20:50:14-Start -> Request: 4/30/2019 20:50:14 - remaining 209
4/30/2019 20:50:17-Error .Unexpected character encountered while parsing value: <. Path '', line 0, position 0.-M000100010000100001000000044
4/30/2019 20:50:17-Start -> Request: 4/30/2019 20:50:17 - remaining 209
4/30/2019 20:50:21-Error .Unexpected character encountered while parsing value: <. Path '', line 0, position 0.-M000100010000100001000000044
4/30/2019 20:50:21-Start -> Request: 4/30/2019 20:50:21 - remaining 209
4/30/2019 20:50:24-Error .Unexpected character encountered while parsing value: <. Path '', line 0, position 0.-M000100010000100001000000044
4/30/2019 20:50:24-Start -> Request: 4/30/2019 20:50:24 - remaining 209
4/30/2019 20:50:27-Error .Unexpected character encountered while parsing value: <. Path '', line 0, position 0.-M000100010000100001000000044
4/30/2019 20:50:27-Start -> Request: 4/30/2019 20:50:27 - remaining 209
4/30/2019 20:50:29-Error .Unexpected character encountered while parsing value: <. Path '', line 0, position 0.-M000100010000100001000000044
4/30/2019 20:50:29-Start -> Request: 4/30/2019 20:50:29 - remaining 209
4/30/2019 20:50:32-Error .Unexpected character encountered while parsing value: <. Path '', line 0, position 0.-M000100010000100001000000044
4/30/2019 20:50:32-Start -> Request: 4/30/2019 20:50:32 - remaining 209
4/30/2019 20:50:35-Error .Unexpected character encountered while parsing value: <. Path '', line 0, position 0.-M000100010000100001000000044
4/30/2019 20:50:35-Start -> Request: 4/30/2019 20:50:35 - remaining 209
